Game base: 0x7ff65ff60000
d3d11 at 0x7ffbf71e0000
All hooks ready. Interact with game to trigger sprites.
[PARTS-2-DUMP]
  HEX[256]: 54 65 78 74 75 72 65 20 20 20 20 20 20 20 20 20 20 20 20 20 f1 18 00 00 80 00 00 00 00 00 10 02 c9 18 00 00 c8 00 a4 00 4c 5a 37 37 20 80 00 00 c4 0e 00 00 e9 01 00 00 1f e7 08 7d be 38 fb c1 f9 62 6b 74 63 18 91 c2 ca 1f 25 1f 06 17 bf d0 34 5a d6 f2 bc 2d b0 23 ff 3c 9e b5 7d fc f9 0e 2d 82 fb 1c 5a 4c c0 1c 6e e0 cc 78 10 8c 2d 96 ad ee 6f de 91 f8 26 e7 fe 27 82 8d c7 ab dd 87 f0 67 27 eb 60 00 5c f6 0f 99 7c f9 b0 e8 5c 14 10 26 29 fc 18 43 64 fe 5a 1e 80 63 d0 00 f8 3e 77 81 91 ca 47 30 00 34 c1 c7 60 1d 78 fd e3 c2 1a 95 6e 86 58 c3 33 f3 78 7f c1 ff e0 80 25 ec 00 72 f9 ff ef e6 60 ef fd 6c 1e 02 55 ea bf 82 a8 f9 2f db 8f d8 e8 1e ec 71 7d 8a 3f f8 6f b9 c3 07 78 ef ce 18 ff f7 8c ff 1f ff fe 07 fd 05 bf d5 9d f0 5c 77 ff fe df bf fc 6f 29 86 7c 4f
  Header: name="Texture" field1=6385(0x18F1) field2=128(0x80)
[REG-rdi]
  HEX[64]: 88 4f 7c 60 f6 7f 00 00 00 00 00 00 00 00 00 00 00 00 00 00 00 00 00 00 18 4f 7c 60 f6 7f 00 00 00 00 00 00 00 00 00 00 00 00 00 00 00 00 00 00 00 00 00 00 00 00 00 00 08 4f 7c 60 f6 7f 00 00
[REG-r14]
  HEX[64]: 88 4f 7c 60 f6 7f 00 00 00 00 00 00 00 00 00 00 00 00 00 00 00 00 00 00 18 4f 7c 60 f6 7f 00 00 00 00 00 00 00 00 00 00 00 00 00 00 00 00 00 00 00 00 00 00 00 00 00 00 08 4f 7c 60 f6 7f 00 00
[PARTS-1-DUMP]
  HEX[256]: 54 65 78 74 75 72 65 20 20 20 20 20 20 20 20 20 20 20 20 20 e2 8f 07 00 00 40 00 00 01 00 10 08 ba 8f 07 00 68 03 5e 05 89 50 4e 47 0d 0a 1a 0a 00 00 00 0d 49 48 44 52 00 00 03 68 00 00 05 5e 08 06 00 00 00 04 e5 18 b7 00 00 20 00 49 44 41 54 78 9c ec bd df aa 2d 5b f3 24 14 99 b5 7e cf 24 08 62 b7 f8 e7 19 bc 6e 44 10 7d 1a 05 41 10 2f 7d 87 16 6c 45 04 df a9 57 65 7a 91 11 91 59 fb eb db f3 5d 9d 79 38 7b af bd e6 9c 55 a3 c6 c8 91 19 19 f9 67 c4 bf fe af fe fb ee 6a 20 02 19 81 08 20 22 01 04 22 02 dd 0d a0 d1 dd a8 2e 64 3c 88 48 34 80 98 77 50 dd 40 17 1a f3 d9 e8 f9 ee f3 fc 00 00 de f7 17 6f 17 ba 0b d1 40 06 80 08 de 23 91 99 88 08 54 35 2f 3a 9f 05 80 6e 00 bc 57 20 f8 3d f0 4e 8d e4 fb 15 40 62 c6 df f1 e0 99 9b a0 de c6 db bf a8 7e 81 06 32 02 19
  Header: name="Texture" field1=495586(0x78FE2) field2=16384(0x4000)
[PARTS-1-DUMP]
  HEX[256]: 54 65 78 74 75 72 65 20 20 20 20 20 20 20 20 20 20 20 20 20 b0 ca 06 00 00 40 00 00 01 00 10 08 88 ca 06 00 68 02 b0 02 89 50 4e 47 0d 0a 1a 0a 00 00 00 0d 49 48 44 52 00 00 02 68 00 00 02 b0 08 06 00 00 00 2c 82 83 0b 00 00 20 00 49 44 41 54 78 9c c4 bd bf ae 6d c9 93 26 f4 45 e6 da fb 9c 73 6f d5 af 9b ee c6 44 e2 11 f0 06 81 c1 9f 19 8d 34 0e 0f 80 85 3b 18 48 18 f0 12 e0 80 30 c6 c3 e4 01 30 90 60 40 83 c7 63 e0 21 21 0d a2 bb ab ee bd 67 ef 95 11 18 11 5f 44 e4 3a a7 ba 71 a6 6a 95 6e 9d 73 f6 5e 2b 57 66 64 64 c4 17 7f 32 52 fe d1 3f f9 cf ff a5 00 30 88 09 00 00 62 00 00 03 10 9f 40 51 d7 68 7f 8b df 31 04 b0 85 f3 7c e2 c7 2f 7f 8b 5f 7f f9 7f f1 e3 fb af 00 16 8e db 1b be 7c f9 13 5e de be e2 78 79 c5 10 81 1a a0 66 30 35 18 0c 02 c0 cc 20 32 00 d3
  Header: name="Texture" field1=445104(0x6CAB0) field2=16384(0x4000)
[PARTS-1-DUMP]
  HEX[256]: 54 65 78 74 75 72 65 20 20 20 20 20 20 20 20 20 20 20 20 20 47 63 09 00 00 40 00 00 01 00 10 08 1f 63 09 00 08 03 12 04 89 50 4e 47 0d 0a 1a 0a 00 00 00 0d 49 48 44 52 00 00 03 08 00 00 04 12 08 06 00 00 00 0b ef dd 64 00 00 20 00 49 44 41 54 78 9c ec bd db 96 24 39 ae 25 b6 61 ee 11 91 b7 aa ea ee 99 b5 a4 0f 68 3d 49 f3 ff 1f a2 33 4f 47 9f 20 9d ee ae 5b 66 46 86 1b f4 00 02 d8 00 69 ee 1e d5 67 46 4b 9d c1 aa 48 b7 0b 8d 17 10 97 4d 12 24 e5 7f 7f 7a fa 2b fe a9 f0 04 e0 2b 5d 63 dc 3f 51 9c af b8 1e 3c 8d 7b bf 7f 5a 3c bb 27 3c 1d 3c 5f a5 75 14 77 f5 ed b5 b8 ab ba ac ca bf 4a e3 eb e2 fd bd f5 be 95 87 bd fb ef 5f bf fe 5f 00 60 7c f0 da 76 38 4e b7 96 a1 97 fd de f6 5b d5 f9 b5 74 78 0b f7 84 ca 07 ff 5f 85 3f 2a d7 7f 24 8f 2e 6f 2b 1e 3b 7a 7f 2d
  Header: name="Texture" field1=615239(0x96347) field2=16384(0x4000)
[PARTS-2-DUMP]
  HEX[256]: 54 65 78 74 75 72 65 20 20 20 20 20 20 20 20 20 20 20 20 20 f9 c7 05 00 00 40 00 00 01 00 10 08 d1 c7 05 00 78 02 e6 03 89 50 4e 47 0d 0a 1a 0a 00 00 00 0d 49 48 44 52 00 00 02 78 00 00 03 e6 08 06 00 00 00 77 8c e2 bd 00 00 20 00 49 44 41 54 78 9c ec bd 79 9c 1d 47 79 2e fc bc 55 dd 7d 96 d9 b4 db 96 34 9b 56 63 4b 1a d9 60 9b e0 05 08 9b 3f 1b 6c 64 d9 66 b9 10 08 21 8e 49 80 24 e0 1b 9c c5 81 10 08 81 e4 92 85 ef 82 21 97 90 85 80 31 c6 32 4b d8 6e 08 04 08 90 18 63 49 16 b6 b1 b5 8c 46 8b ad 65 a4 d9 ce d6 dd f5 be f7 8f ee 3e a7 cf 3a 67 16 49 33 a3 f3 e8 77 34 e7 74 57 55 57 d7 fa d4 bb 54 91 88 a0 85 16 5a 98 9f 20 22 00 40 ab 1f b7 d0 c2 99 43 ab 9f 9d 1f 88 ea 79 a1 c0 3a d7 19 68 a1 85 16 ce 0d 16 da 60 36 db e8 ef 7b 81 26 45 b2 7f ff 7f f2 54 e3
  Header: name="Texture" field1=378873(0x5C7F9) field2=16384(0x4000)
[REG-rdi]
  HEX[64]: 88 4f 7c 60 f6 7f 00 00 00 00 00 00 00 00 00 00 00 00 00 00 00 00 00 00 18 4f 7c 60 f6 7f 00 00 00 00 00 00 00 00 00 00 00 00 00 00 00 00 00 00 00 00 00 00 00 00 00 00 08 4f 7c 60 f6 7f 00 00
[REG-r14]
  HEX[64]: 88 4f 7c 60 f6 7f 00 00 00 00 00 00 00 00 00 00 00 00 00 00 00 00 00 00 18 4f 7c 60 f6 7f 00 00 00 00 00 00 00 00 00 00 00 00 00 00 00 00 00 00 00 00 00 00 00 00 00 00 08 4f 7c 60 f6 7f 00 00
